Arguments: 
  C:\Program Files\nodejs\node.exe C:\Program Files (x86)\Yarn\bin\yarn.js add base64.js

PATH: 
  C:\Users\Will\bin;C:\Program Files\Git\mingw64\bin;C:\Program Files\Git\usr\local\bin;C:\Program Files\Git\usr\bin;C:\Program Files\Git\usr\bin;C:\Program Files\Git\mingw64\bin;C:\Program Files\Git\usr\bin;C:\Users\Will\bin;C:\Python27;C:\Python27\Scripts;C:\Python34;C:\Python34\Scripts;C:\Program Files (x86)\Intel\iCLS Client;C:\Program Files\Intel\iCLS Client;C:\Windows\system32;C:\Windows;C:\Windows\System32\Wbem;C:\Windows\System32\WindowsPowerShell\v1.0;C:\Program Files (x86)\Windows Live\Shared;C:\Program Files\Intel\Intel(R) Management Engine Components\DAL;C:\Program Files\Intel\Intel(R) Management Engine Components\IPT;C:\Program Files (x86)\Intel\Intel(R) Management Engine Components\DAL;C:\Program Files (x86)\Intel\Intel(R) Management Engine Components\IPT;C:\Program Files (x86)\Intel\OpenCL SDK\3.0\bin\x86;C:\Program Files (x86)\Intel\OpenCL SDK\3.0\bin\x64;C:\Program Files (x86)\NTP\bin;C:\Program Files (x86)\NVIDIA Corporation\PhysX\Common;C:\WINDOWS\system32;C:\WINDOWS;C:\WINDOWS\System32\Wbem;C:\WINDOWS\System32\WindowsPowerShell\v1.0;C:\WINDOWS\System32\OpenSSH;C:\Program Files\nodejs;C:\ProgramData\chocolatey\bin;C:\Program Files\Git\cmd;C:\Program Files\PuTTY;C:\Program Files\MongoDB\Server\4.2\bin;C:\Program Files (x86)\Yarn\bin;C:\Users\Will\AppData\Local\Programs\Microsoft VS Code\bin;C:\Users\Will\AppData\Local\Microsoft\WindowsApps;C:\Program Files\heroku\bin;C:\Users\Will\AppData\Roaming\npm;C:\Users\Will\AppData\Local\Yarn\bin;C:\Program Files\Git\usr\bin\vendor_perl;C:\Program Files\Git\usr\bin\core_perl

Yarn version: 
  1.19.1

Node version: 
  12.6.0

Platform: 
  win32 x64

Trace: 
  Error: https://registry.yarnpkg.com/base64.js: Not found
      at Request.params.callback [as _callback] (C:\Program Files (x86)\Yarn\lib\cli.js:66035:18)
      at Request.self.callback (C:\Program Files (x86)\Yarn\lib\cli.js:140564:22)
      at Request.emit (events.js:203:13)
      at Request.<anonymous> (C:\Program Files (x86)\Yarn\lib\cli.js:141536:10)
      at Request.emit (events.js:203:13)
      at IncomingMessage.<anonymous> (C:\Program Files (x86)\Yarn\lib\cli.js:141458:12)
      at Object.onceWrapper (events.js:291:20)
      at IncomingMessage.emit (events.js:208:15)
      at endReadableNT (_stream_readable.js:1154:12)
      at processTicksAndRejections (internal/process/task_queues.js:77:11)

npm manifest: 
  {
    "dependencies": {
      "bitap": "^1.0.1"
    }
  }

yarn manifest: 
  No manifest

Lockfile: 
  # THIS IS AN AUTOGENERATED FILE. DO NOT EDIT THIS FILE DIRECTLY.
  # yarn lockfile v1
  
  
  bitap@^1.0.1:
    version "1.0.1"
    resolved "https://registry.yarnpkg.com/bitap/-/bitap-1.0.1.tgz#4d4e708581e3e768fe62379687da8ed8101e5f4b"
    integrity sha1-TU5whYHj52j+YjeWh9qO2BAeX0s=
